[debug] [2023-07-03T04:17:24.223Z] ----------------------------------------------------------------------
[debug] [2023-07-03T04:17:24.224Z] Command:       C:\Program Files\nodejs\node.exe C:\Users\absfy\AppData\Roaming\npm\node_modules\firebase-tools\lib\bin\firebase.js init hosting
[debug] [2023-07-03T04:17:24.225Z] CLI Version:   12.4.2
[debug] [2023-07-03T04:17:24.225Z] Platform:      win32
[debug] [2023-07-03T04:17:24.225Z] Node Version:  v18.16.0
[debug] [2023-07-03T04:17:24.226Z] Time:          Mon Jul 03 2023 09:47:24 GMT+0530 (India Standard Time)
[debug] [2023-07-03T04:17:24.226Z] ----------------------------------------------------------------------
[debug] 
[debug] [2023-07-03T04:17:24.233Z] > command requires scopes: ["email","openid","https://www.googleapis.com/auth/cloudplatformprojects.readonly","https://www.googleapis.com/auth/firebase","https://www.googleapis.com/auth/cloud-platform"]
[debug] [2023-07-03T04:17:24.233Z] > authorizing via signed-in user (absufyn@gmail.com)
[info] 
     ######## #### ########  ######## ########     ###     ######  ########
     ##        ##  ##     ## ##       ##     ##  ##   ##  ##       ##
     ######    ##  ########  ######   ########  #########  ######  ######
     ##        ##  ##    ##  ##       ##     ## ##     ##       ## ##
     ##       #### ##     ## ######## ########  ##     ##  ######  ########

You're about to initialize a Firebase project in this directory:

  D:\projects\portfolio-sufyan

[info] 
=== Project Setup
[info] 
[info] First, let's associate this project directory with a Firebase project.
[info] You can create multiple project aliases by running firebase use --add, 
[info] but for now we'll just set up a default project.
[info] 
[debug] [2023-07-03T04:17:37.450Z] >>> [apiv2][query] GET https://firebase.googleapis.com/v1beta1/projects pageSize=100
[debug] [2023-07-03T04:17:38.714Z] <<< [apiv2][status] GET https://firebase.googleapis.com/v1beta1/projects 200
[debug] [2023-07-03T04:17:38.714Z] <<< [apiv2][body] GET https://firebase.googleapis.com/v1beta1/projects [omitted]
[info] i  Using project portfolio-sufyan (portfolio-sufyan) 
[info] 
=== Hosting Setup
[info] 
[info] Your public directory is the folder (relative to your project directory) that
[info] will contain Hosting assets to be uploaded with firebase deploy. If you
[info] have a build process for your assets, use your build's output directory.
[info] 
[debug] [2023-07-03T04:18:47.316Z] >>> [apiv2][query] GET https://www.gstatic.com/firebasejs/releases.json [none]
[debug] [2023-07-03T04:18:47.500Z] <<< [apiv2][status] GET https://www.gstatic.com/firebasejs/releases.json 200
[debug] [2023-07-03T04:18:47.501Z] <<< [apiv2][body] GET https://www.gstatic.com/firebasejs/releases.json {"current":{"version":"9.23.0","browserURL":"https://www.gstatic.com/firebasejs/9.23.0/firebase.js","packageURL":"https://www.gstatic.com/firebasejs/9.23.0/firebase.tgz"},"live":{"version":"9.23","browserURL":"https://www.gstatic.com/firebasejs/live/9.23/firebase.js","packageURL":"https://www.gstatic.com/firebasejs/live/9.23/firebase.tgz"},"components":{"analytics":"https://www.gstatic.com/firebasejs/9.23.0/firebase-analytics.js","app":"https://www.gstatic.com/firebasejs/9.23.0/firebase-app.js","app-check":"https://www.gstatic.com/firebasejs/9.23.0/firebase-app-check.js","auth":"https://www.gstatic.com/firebasejs/9.23.0/firebase-auth.js","auth/cordova":"https://www.gstatic.com/firebasejs/9.23.0/firebase-auth/cordova.js","auth/react-native":"https://www.gstatic.com/firebasejs/9.23.0/firebase-auth/react-native.js","functions":"https://www.gstatic.com/firebasejs/9.23.0/firebase-functions.js","firestore":"https://www.gstatic.com/firebasejs/9.23.0/firebase-firestore.js","firestore/lite":"https://www.gstatic.com/firebasejs/9.23.0/firebase-firestore/lite.js","installations":"https://www.gstatic.com/firebasejs/9.23.0/firebase-installations.js","storage":"https://www.gstatic.com/firebasejs/9.23.0/firebase-storage.js","performance":"https://www.gstatic.com/firebasejs/9.23.0/firebase-performance.js","remote-config":"https://www.gstatic.com/firebasejs/9.23.0/firebase-remote-config.js","messaging":"https://www.gstatic.com/firebasejs/9.23.0/firebase-messaging.js","messaging/sw":"https://www.gstatic.com/firebasejs/9.23.0/firebase-messaging/sw.js","database":"https://www.gstatic.com/firebasejs/9.23.0/firebase-database.js","firestore.memory":"https://www.gstatic.com/firebasejs/9.23.0/firebase-firestore.memory.js"}}
[info] +  Wrote dist/portfolio-sufyan/index.html 
[info] 
[info] i  Detected a .git folder at D:\projects\portfolio-sufyan 
[info] i  Authorizing with GitHub to upload your service account to a GitHub repository's secrets store. 
[info] 
[info] Visit this URL on this device to log in:
[info] https://github.com/login/oauth/authorize?client_id=89cf50f02ac6aaed3484&state=572826396&redirect_uri=http%3A%2F%2Flocalhost%3A9005&scope=read%3Auser%20repo%20public_repo
[info] 
[info] Waiting for authentication...
[debug] [2023-07-03T04:18:52.989Z] >>> [apiv2][query] POST https://github.com/login/oauth/access_token [none]
[debug] [2023-07-03T04:18:52.989Z] >>> [apiv2][body] POST https://github.com/login/oauth/access_token [stream]
[debug] [2023-07-03T04:18:53.415Z] <<< [apiv2][status] POST https://github.com/login/oauth/access_token 200
[debug] [2023-07-03T04:18:53.416Z] <<< [apiv2][body] POST https://github.com/login/oauth/access_token {"access_token":"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","token_type":"bearer","scope":"read:user,repo"}
[debug] [2023-07-03T04:18:53.429Z] >>> [apiv2][query] GET https://api.github.com/user [none]
[debug] [2023-07-03T04:18:53.907Z] <<< [apiv2][status] GET https://api.github.com/user 200
[debug] [2023-07-03T04:18:53.907Z] <<< [apiv2][body] GET https://api.github.com/user {"login":"abu-sufyan1","id":24729451,"node_id":"MDQ6VXNlcjI0NzI5NDUx","avatar_url":"https://avatars.githubusercontent.com/u/24729451?v=4","gravatar_id":"","url":"https://api.github.com/users/abu-sufyan1","html_url":"https://github.com/abu-sufyan1","followers_url":"https://api.github.com/users/abu-sufyan1/followers","following_url":"https://api.github.com/users/abu-sufyan1/following{/other_user}","gists_url":"https://api.github.com/users/abu-sufyan1/gists{/gist_id}","starred_url":"https://api.github.com/users/abu-sufyan1/starred{/owner}{/repo}","subscriptions_url":"https://api.github.com/users/abu-sufyan1/subscriptions","organizations_url":"https://api.github.com/users/abu-sufyan1/orgs","repos_url":"https://api.github.com/users/abu-sufyan1/repos","events_url":"https://api.github.com/users/abu-sufyan1/events{/privacy}","received_events_url":"https://api.github.com/users/abu-sufyan1/received_events","type":"User","site_admin":false,"name":"Sufyan Shaikh","company":null,"blog":"","location":"Pune","email":"absufyn@gmail.com","hireable":null,"bio":"Full Stack .Net Core Angular React Developer","twitter_username":null,"public_repos":58,"public_gists":0,"followers":3,"following":5,"created_at":"2016-12-23T07:15:38Z","updated_at":"2023-07-01T13:06:21Z","private_gists":0,"total_private_repos":13,"owned_private_repos":12,"disk_usage":119239,"collaborators":3,"two_factor_authentication":false,"plan":{"name":"free","space":976562499,"collaborators":0,"private_repos":10000}}
[info] 
[info] +  Success! Logged into GitHub as abu-sufyan1 
[info] 
